Archivo: prueba.cpp
17/10/2022 07:23:59 a. m.
altura 2 
i = altura = 7
i 0 
j = 0 = 0
j altura i - j 2 i 0 
j = 0 = 0
j altura i - j 2 j altura i - j 2 i 0 
j = 0 = 0
j altura i - j 2 j altura i - j 2 j altura i - j 2 i 0 
j = 0 = 0
j altura i - j 2 j altura i - j 2 j altura i - j 2 j altura i - j 2 i 0 
j = 0 = 0
j altura i - j 2 j altura i - j 2 j altura i - j 2 j altura i - j 2 j altura i - j 2 i 0 
j = 0 = 0
j altura i - j 2 j altura i - j 2 j altura i - j 2 j altura i - j 2 j altura i - j 2 j altura i - j 2 i 0 
j = 0 = 0
j altura i - j 2 j altura i - j 2 j altura i - j 2 j altura i - j 2 j altura i - j 2 j altura i - j 2 j altura i - j 2 i 0 
j = 0 = 0
j altura i - j 2 1 1 2 2 
a = 256 = 256
a 
i = 0 = 0
i 10 i i 10 i i 10 i i 10 i i 10 i i 10 i i 10 i i 10 i i 10 i i 10 i i 10 i 
y = a = 0
y 
y = a = 256
Error de semantica: no podemos asignar un: <Int> a un <Char> en linea  49
